Abnormal execution, write INP file  : /auto/brno2/home/wrojasv/MassSpec/QC_Spectra_Predictions/source_code_git/ei_spectra_predictions/QC_SPECTRA_EI_RECETOX/classes/Phenanthrenes_and_derivatives/CSHWQDPOILHKBI-AQZSQYOVSA-N/Optimization
Abnormal execution, write INP file  : /auto/brno2/home/wrojasv/MassSpec/QC_Spectra_Predictions/source_code_git/ei_spectra_predictions/QC_SPECTRA_EI_RECETOX/classes/Phenanthrenes_and_derivatives/CSHWQDPOILHKBI-UHFFFAOYSA-N/Optimization
Abnormal execution, write INP file  : /auto/brno2/home/wrojasv/MassSpec/QC_Spectra_Predictions/source_code_git/ei_spectra_predictions/QC_SPECTRA_EI_RECETOX/classes/Phenanthrenes_and_derivatives/YNPNZTXNASCQKK-LHNTUAQVSA-N/Optimization
Abnormal execution, write INP file  : /auto/brno2/home/wrojasv/MassSpec/QC_Spectra_Predictions/source_code_git/ei_spectra_predictions/QC_SPECTRA_EI_RECETOX/classes/Phenanthrenes_and_derivatives/YNPNZTXNASCQKK-UHFFFAOYSA-N/Optimization
Abnormal execution, write INP file  : /auto/brno2/home/wrojasv/MassSpec/QC_Spectra_Predictions/source_code_git/ei_spectra_predictions/QC_SPECTRA_EI_RECETOX/classes/Anthracenes/MWPLVEDNUUSJAV-UHFFFAOYSA-N/Optimization
Abnormal execution, write INP file  : /auto/brno2/home/wrojasv/MassSpec/QC_Spectra_Predictions/source_code_git/ei_spectra_predictions/QC_SPECTRA_EI_RECETOX/classes/Acenaphthylenes/HXGDTGSAIMULJN-UHFFFAOYSA-N/Optimization
Abnormal execution, write INP file  : /auto/brno2/home/wrojasv/MassSpec/QC_Spectra_Predictions/source_code_git/ei_spectra_predictions/QC_SPECTRA_EI_RECETOX/classes/Naphthalenes/GVEPBJHOBDJJJI-UHFFFAOYSA-N/Optimization
Abnormal execution, write INP file  : /auto/brno2/home/wrojasv/MassSpec/QC_Spectra_Predictions/source_code_git/ei_spectra_predictions/QC_SPECTRA_EI_RECETOX/classes/Pyrenes/BBEAQIROQSPTKN-UHFFFAOYSA-N/Optimization
Abnormal execution, write INP file  : /auto/brno2/home/wrojasv/MassSpec/QC_Spectra_Predictions/source_code_git/ei_spectra_predictions/QC_SPECTRA_EI_RECETOX/classes/Naphthalenes/YEUHHUCOSQOCIX-UHFFFAOYSA-N/Optimization
Abnormal execution, write INP file  : /auto/brno2/home/wrojasv/MassSpec/QC_Spectra_Predictions/source_code_git/ei_spectra_predictions/QC_SPECTRA_EI_RECETOX/classes/Phenanthrenes_and_derivatives/YEIHPPOCKIHUQJ-UHFFFAOYSA-N/Optimization
Abnormal execution, write INP file  : /auto/brno2/home/wrojasv/MassSpec/QC_Spectra_Predictions/source_code_git/ei_spectra_predictions/QC_SPECTRA_EI_RECETOX/classes/Phenanthrenes_and_derivatives/SLGBZMMZGDRARJ-UHFFFAOYSA-N/Optimization
Abnormal execution, write INP file  : /auto/brno2/home/wrojasv/MassSpec/QC_Spectra_Predictions/source_code_git/ei_spectra_predictions/QC_SPECTRA_EI_RECETOX/classes/Phenanthrenes_and_derivatives/WDECIBYCCFPHNR-UHFFFAOYSA-N/Optimization
Abnormal execution, write INP file  : /auto/brno2/home/wrojasv/MassSpec/QC_Spectra_Predictions/source_code_git/ei_spectra_predictions/QC_SPECTRA_EI_RECETOX/classes/Phenanthrenes_and_derivatives/FTOVXSOBNPWTSH-UHFFFAOYSA-N/Optimization
Abnormal execution, write INP file  : /auto/brno2/home/wrojasv/MassSpec/QC_Spectra_Predictions/source_code_git/ei_spectra_predictions/QC_SPECTRA_EI_RECETOX/classes/Naphthalenes/HAXBIWFMXWRORI-UHFFFAOYSA-N/Optimization
Abnormal execution, write INP file  : /auto/brno2/home/wrojasv/MassSpec/QC_Spectra_Predictions/source_code_git/ei_spectra_predictions/QC_SPECTRA_EI_RECETOX/classes/Pyrenes/TXVHTIQJNYSSKO-UHFFFAOYSA-N/Optimization
Abnormal execution, write INP file  : /auto/brno2/home/wrojasv/MassSpec/QC_Spectra_Predictions/source_code_git/ei_spectra_predictions/QC_SPECTRA_EI_RECETOX/classes/Pyrenes/FMMWHPNWAFZXNH-UHFFFAOYSA-N/Optimization
Abnormal execution, write INP file  : /auto/brno2/home/wrojasv/MassSpec/QC_Spectra_Predictions/source_code_git/ei_spectra_predictions/QC_SPECTRA_EI_RECETOX/classes/Pyrenes/SXQBHARYMNFBPS-UHFFFAOYSA-N/Optimization
Abnormal execution, write INP file  : /auto/brno2/home/wrojasv/MassSpec/QC_Spectra_Predictions/source_code_git/ei_spectra_predictions/QC_SPECTRA_EI_RECETOX/classes/Pyrenes/GYFAGKUZYNFMBN-UHFFFAOYSA-N/Optimization
Abnormal execution, write INP file  : /auto/brno2/home/wrojasv/MassSpec/QC_Spectra_Predictions/source_code_git/ei_spectra_predictions/QC_SPECTRA_EI_RECETOX/classes/Pyrenes/YFIJJNAKSZUOLT-UHFFFAOYSA-N/Optimization
Abnormal execution, write INP file  : /auto/brno2/home/wrojasv/MassSpec/QC_Spectra_Predictions/source_code_git/ei_spectra_predictions/QC_SPECTRA_EI_RECETOX/classes/Phenanthrenes_and_derivatives/LHRCREOYAASXPZ-UHFFFAOYSA-N/Optimization
Abnormal execution, write INP file  : /auto/brno2/home/wrojasv/MassSpec/QC_Spectra_Predictions/source_code_git/ei_spectra_predictions/QC_SPECTRA_EI_RECETOX/classes/Pyrenes/VPUGDVKSAQVFFS-UHFFFAOYSA-N/Optimization
Abnormal execution, write INP file  : /auto/brno2/home/wrojasv/MassSpec/QC_Spectra_Predictions/source_code_git/ei_spectra_predictions/QC_SPECTRA_EI_RECETOX/classes/Benzene_and_substituted_derivatives/BIXZHMJUSMUDOQ-UHFFFAOYSA-N/Optimization
Abnormal execution, write INP file  : /auto/brno2/home/wrojasv/MassSpec/QC_Spectra_Predictions/source_code_git/ei_spectra_predictions/QC_SPECTRA_EI_RECETOX/classes/Azoles/MCPKSFINULVDNX-UHFFFAOYSA-N/Optimization
Abnormal execution, write INP file  : /auto/brno2/home/wrojasv/MassSpec/QC_Spectra_Predictions/source_code_git/ei_spectra_predictions/QC_SPECTRA_EI_RECETOX/classes/Benzene_and_substituted_derivatives/CEOCDNVZRAIOQZ-UHFFFAOYSA-N/Optimization
Abnormal execution, write INP file  : /auto/brno2/home/wrojasv/MassSpec/QC_Spectra_Predictions/source_code_git/ei_spectra_predictions/QC_SPECTRA_EI_RECETOX/classes/Benzene_and_substituted_derivatives/CKAPSXZOOQJIBF-UHFFFAOYSA-N/Optimization
Abnormal execution, write INP file  : /auto/brno2/home/wrojasv/MassSpec/QC_Spectra_Predictions/source_code_git/ei_spectra_predictions/QC_SPECTRA_EI_RECETOX/classes/Benzodioxins/QIKHBBZEUNSCAF-UHFFFAOYSA-N/Optimization
Abnormal execution, write INP file  : /auto/brno2/home/wrojasv/MassSpec/QC_Spectra_Predictions/source_code_git/ei_spectra_predictions/QC_SPECTRA_EI_RECETOX/classes/Benzodioxins/WCYYQNSQJHPVMG-UHFFFAOYSA-N/Optimization
Abnormal execution, write INP file  : /auto/brno2/home/wrojasv/MassSpec/QC_Spectra_Predictions/source_code_git/ei_spectra_predictions/QC_SPECTRA_EI_RECETOX/classes/Benzodioxins/WCLNVRQZUKYVAI-UHFFFAOYSA-N/Optimization
Abnormal execution, write INP file  : /auto/brno2/home/wrojasv/MassSpec/QC_Spectra_Predictions/source_code_git/ei_spectra_predictions/QC_SPECTRA_EI_RECETOX/classes/Benzodioxins/FOIBFBMSLDGNHL-UHFFFAOYSA-N/Optimization
Abnormal execution, write INP file  : /auto/brno2/home/wrojasv/MassSpec/QC_Spectra_Predictions/source_code_git/ei_spectra_predictions/QC_SPECTRA_EI_RECETOX/classes/Benzofurans/SBMIVUVRFPGOEB-UHFFFAOYSA-N/Optimization
Abnormal execution, write INP file  : /auto/brno2/home/wrojasv/MassSpec/QC_Spectra_Predictions/source_code_git/ei_spectra_predictions/QC_SPECTRA_EI_RECETOX/classes/Benzofurans/LVYBAQIVPKCOEE-UHFFFAOYSA-N/Optimization
Abnormal execution, write INP file  : /auto/brno2/home/wrojasv/MassSpec/QC_Spectra_Predictions/source_code_git/ei_spectra_predictions/QC_SPECTRA_EI_RECETOX/classes/Benzofurans/WDMKCPIVJOGHBF-UHFFFAOYSA-N/Optimization
Abnormal execution, write INP file  : /auto/brno2/home/wrojasv/MassSpec/QC_Spectra_Predictions/source_code_git/ei_spectra_predictions/QC_SPECTRA_EI_RECETOX/classes/Benzofurans/KSMVNVHUTQZITP-UHFFFAOYSA-N/Optimization
Abnormal execution, write INP file  : /auto/brno2/home/wrojasv/MassSpec/QC_Spectra_Predictions/source_code_git/ei_spectra_predictions/QC_SPECTRA_EI_RECETOX/classes/Benzodioxins/HGUFODBRKLSHSI-UHFFFAOYSA-N/Optimization
Abnormal execution, write INP file  : /auto/brno2/home/wrojasv/MassSpec/QC_Spectra_Predictions/source_code_git/ei_spectra_predictions/QC_SPECTRA_EI_RECETOX/classes/Benzodioxins/FSPZPQQWDODWAU-UHFFFAOYSA-N/Optimization
Abnormal execution, write INP file  : /auto/brno2/home/wrojasv/MassSpec/QC_Spectra_Predictions/source_code_git/ei_spectra_predictions/QC_SPECTRA_EI_RECETOX/classes/Cinnamaldehydes/KJPRLNWUNMBNBZ-QPJJXVBHSA-N/Optimization
Abnormal execution, write INP file  : /auto/brno2/home/wrojasv/MassSpec/QC_Spectra_Predictions/source_code_git/ei_spectra_predictions/QC_SPECTRA_EI_RECETOX/classes/Naphthalenes/CWLKTJOTWITYSI-UHFFFAOYSA-N/Optimization
Abnormal execution, write INP file  : /auto/brno2/home/wrojasv/MassSpec/QC_Spectra_Predictions/source_code_git/ei_spectra_predictions/QC_SPECTRA_EI_RECETOX/classes/Coumarins_and_derivatives/ZYGHJZDHTFUPRJ-UHFFFAOYSA-N/Optimization
Abnormal execution, write INP file  : /auto/brno2/home/wrojasv/MassSpec/QC_Spectra_Predictions/source_code_git/ei_spectra_predictions/QC_SPECTRA_EI_RECETOX/classes/Phenanthrenes_and_derivatives/VXFDOYXVHRYCGS-UHFFFAOYSA-N/Optimization
Abnormal execution, write INP file  : /auto/brno2/home/wrojasv/MassSpec/QC_Spectra_Predictions/source_code_git/ei_spectra_predictions/QC_SPECTRA_EI_RECETOX/classes/Fluorenes/QUUNMPSDKIURJD-UHFFFAOYSA-N/Optimization
Abnormal execution, write INP file  : /auto/brno2/home/wrojasv/MassSpec/QC_Spectra_Predictions/source_code_git/ei_spectra_predictions/QC_SPECTRA_EI_RECETOX/classes/Naphthalenes/FRASJONUBLZVQX-UHFFFAOYSA-N/Optimization
Abnormal execution, write INP file  : /auto/brno2/home/wrojasv/MassSpec/QC_Spectra_Predictions/source_code_git/ei_spectra_predictions/QC_SPECTRA_EI_RECETOX/classes/Benzimidazoles/WJCNZQLZVWNLKY-UHFFFAOYSA-N/Optimization
Abnormal execution, write INP file  : /auto/brno2/home/wrojasv/MassSpec/QC_Spectra_Predictions/source_code_git/ei_spectra_predictions/QC_SPECTRA_EI_RECETOX/classes/Benzimidazoles/UYJUZNLFJAWNEZ-UHFFFAOYSA-N/Optimization
Number of abnormal molecules: 43
Number of INP molecules: 0
Number of XYZ molecules: 0
Total of processed molecules= 43