NOT found xyz in class : Acenaphthylenes --> molname : HXGDTGSAIMULJN-UHFFFAOYSA-N
NOT found xyz in class : Anthracenes --> molname : MWPLVEDNUUSJAV-UHFFFAOYSA-N
NOT found xyz in class : Azoles --> molname : MCPKSFINULVDNX-UHFFFAOYSA-N
NOT found xyz in class : Benzene_and_substituted_derivatives --> molname : BIXZHMJUSMUDOQ-UHFFFAOYSA-N
NOT found xyz in class : Benzene_and_substituted_derivatives --> molname : CAYGQBVSOZLICD-UHFFFAOYSA-N
NOT found xyz in class : Benzene_and_substituted_derivatives --> molname : CEOCDNVZRAIOQZ-UHFFFAOYSA-N
NOT found xyz in class : Benzene_and_substituted_derivatives --> molname : CKAPSXZOOQJIBF-UHFFFAOYSA-N
NOT found xyz in class : Benzene_and_substituted_derivatives --> molname : LLVVSBBXENOOQY-UHFFFAOYSA-N
NOT found xyz in class : Benzimidazoles --> molname : UYJUZNLFJAWNEZ-UHFFFAOYSA-N
NOT found xyz in class : Benzimidazoles --> molname : WJCNZQLZVWNLKY-UHFFFAOYSA-N
NOT found xyz in class : Benzodioxins --> molname : FOIBFBMSLDGNHL-UHFFFAOYSA-N
NOT found xyz in class : Benzodioxins --> molname : FSPZPQQWDODWAU-UHFFFAOYSA-N
NOT found xyz in class : Benzodioxins --> molname : HGUFODBRKLSHSI-UHFFFAOYSA-N
NOT found xyz in class : Benzodioxins --> molname : QIKHBBZEUNSCAF-UHFFFAOYSA-N
NOT found xyz in class : Benzodioxins --> molname : WCLNVRQZUKYVAI-UHFFFAOYSA-N
NOT found xyz in class : Benzodioxins --> molname : WCYYQNSQJHPVMG-UHFFFAOYSA-N
NOT found xyz in class : Benzofurans --> molname : KSMVNVHUTQZITP-UHFFFAOYSA-N
NOT found xyz in class : Benzofurans --> molname : LVYBAQIVPKCOEE-UHFFFAOYSA-N
NOT found xyz in class : Benzofurans --> molname : SBMIVUVRFPGOEB-UHFFFAOYSA-N
NOT found xyz in class : Benzofurans --> molname : WDMKCPIVJOGHBF-UHFFFAOYSA-N
NOT found xyz in class : Cinnamaldehydes --> molname : KJPRLNWUNMBNBZ-QPJJXVBHSA-N
NOT found xyz in class : Coumarins_and_derivatives --> molname : ZYGHJZDHTFUPRJ-UHFFFAOYSA-N
NOT found xyz in class : Fluorenes --> molname : QUUNMPSDKIURJD-UHFFFAOYSA-N
NOT found xyz in class : Naphthalenes --> molname : CWLKTJOTWITYSI-UHFFFAOYSA-N
NOT found xyz in class : Naphthalenes --> molname : FRASJONUBLZVQX-UHFFFAOYSA-N
NOT found xyz in class : Naphthalenes --> molname : GVEPBJHOBDJJJI-UHFFFAOYSA-N
NOT found xyz in class : Naphthalenes --> molname : HAXBIWFMXWRORI-UHFFFAOYSA-N
NOT found xyz in class : Naphthalenes --> molname : YEUHHUCOSQOCIX-UHFFFAOYSA-N
NOT found xyz in class : Phenanthrenes_and_derivatives --> molname : CSHWQDPOILHKBI-AQZSQYOVSA-N
NOT found xyz in class : Phenanthrenes_and_derivatives --> molname : CSHWQDPOILHKBI-UHFFFAOYSA-N
NOT found xyz in class : Phenanthrenes_and_derivatives --> molname : FTOVXSOBNPWTSH-UHFFFAOYSA-N
NOT found xyz in class : Phenanthrenes_and_derivatives --> molname : LHRCREOYAASXPZ-UHFFFAOYSA-N
NOT found xyz in class : Phenanthrenes_and_derivatives --> molname : SLGBZMMZGDRARJ-UHFFFAOYSA-N
NOT found xyz in class : Phenanthrenes_and_derivatives --> molname : VXFDOYXVHRYCGS-UHFFFAOYSA-N
NOT found xyz in class : Phenanthrenes_and_derivatives --> molname : WDECIBYCCFPHNR-UHFFFAOYSA-N
NOT found xyz in class : Phenanthrenes_and_derivatives --> molname : YEIHPPOCKIHUQJ-UHFFFAOYSA-N
NOT found xyz in class : Phenanthrenes_and_derivatives --> molname : YNPNZTXNASCQKK-LHNTUAQVSA-N
NOT found xyz in class : Phenanthrenes_and_derivatives --> molname : YNPNZTXNASCQKK-UHFFFAOYSA-N
NOT found xyz in class : Phenols --> molname : BSWWXRFVMJHFBN-UHFFFAOYSA-N
NOT found xyz in class : Prenol_lipids --> molname : VEMKTZHHVJILDY-VQTJNVASSA-N
NOT found xyz in class : Prenol_lipids --> molname : VEMKTZHHVJILDY-WOJBJXKFSA-N
NOT found xyz in class : Pyrenes --> molname : BBEAQIROQSPTKN-UHFFFAOYSA-N
NOT found xyz in class : Pyrenes --> molname : FMMWHPNWAFZXNH-UHFFFAOYSA-N
NOT found xyz in class : Pyrenes --> molname : GYFAGKUZYNFMBN-UHFFFAOYSA-N
NOT found xyz in class : Pyrenes --> molname : SXQBHARYMNFBPS-UHFFFAOYSA-N
NOT found xyz in class : Pyrenes --> molname : TXVHTIQJNYSSKO-UHFFFAOYSA-N
NOT found xyz in class : Pyrenes --> molname : VPUGDVKSAQVFFS-UHFFFAOYSA-N
NOT found xyz in class : Pyrenes --> molname : YFIJJNAKSZUOLT-UHFFFAOYSA-N

# Path to the directory containing the simulated data
/storage/du-cesnet/home/wrojasv/VO_metacentrum-tape_tape-archive/QC_SPECTRA_EI_RECETOX/classes